<?xml version="1.0" encoding="UTF-8"?>
<!-- Generated by org.testng.reporters.JUnitReportReporter -->
<testsuite hostname="LTCH-5CD141CTDF" failures="0" tests="4" name="testrunners.AdminLoginTest" time="35.013" errors="0" timestamp="2023-10-09T09:43:50 IST" skipped="0">
  <testcase classname="testrunners.AdminLoginTest" name="runScenario" time="7.674"/>
  <testcase classname="testrunners.AdminLoginTest" name="runScenario" time="7.489"/>
  <testcase classname="testrunners.AdminLoginTest" name="runScenario" time="12.541"/>
  <testcase classname="testrunners.AdminLoginTest" name="runScenario" time="7.309"/>
</testsuite> <!-- testrunners.AdminLoginTest -->
